mode: set
link_app/pkg/item/item.go:12.40,15.27 3 1
link_app/pkg/item/item.go:19.2,19.26 1 1
link_app/pkg/item/item.go:15.27,17.3 1 1
link_app/pkg/item/repo.go:12.51,14.2 1 1
link_app/pkg/item/repo.go:18.73,24.16 3 1
link_app/pkg/item/repo.go:28.2,28.22 1 1
link_app/pkg/item/repo.go:24.16,26.3 1 1
link_app/pkg/item/repo.go:31.73,35.16 3 1
link_app/pkg/item/repo.go:39.2,39.23 1 1
link_app/pkg/item/repo.go:35.16,37.3 1 1
link_app/pkg/item/repo.go:43.69,45.64 2 1
link_app/pkg/item/repo.go:49.2,49.50 1 1
link_app/pkg/item/repo.go:45.64,47.3 1 1
link_app/pkg/item/repo.go:52.71,57.2 2 1
link_app/pkg/item/repo.go:59.65,61.16 2 1
link_app/pkg/item/repo.go:65.2,65.26 1 1
link_app/pkg/item/repo.go:69.2,72.16 3 1
link_app/pkg/item/repo.go:76.2,77.16 2 1
link_app/pkg/item/repo.go:81.2,81.23 1 1
link_app/pkg/item/repo.go:61.16,63.3 1 1
link_app/pkg/item/repo.go:65.26,67.3 1 1
link_app/pkg/item/repo.go:72.16,74.3 1 1
link_app/pkg/item/repo.go:77.16,79.3 1 1
link_app/pkg/item/repo_in_memory.go:19.58,26.2 2 1
link_app/pkg/item/repo_in_memory.go:28.83,32.9 4 1
link_app/pkg/item/repo_in_memory.go:36.2,36.22 1 1
link_app/pkg/item/repo_in_memory.go:32.9,34.3 1 1
link_app/pkg/item/repo_in_memory.go:39.83,44.44 4 1
link_app/pkg/item/repo_in_memory.go:50.2,50.26 1 1
link_app/pkg/item/repo_in_memory.go:44.44,45.31 1 1
link_app/pkg/item/repo_in_memory.go:45.31,47.4 1 1
link_app/pkg/item/repo_in_memory.go:53.78,57.2 3 1
link_app/pkg/item/repo_in_memory.go:59.78,61.65 2 1
link_app/pkg/item/repo_in_memory.go:65.2,65.50 1 1
link_app/pkg/item/repo_in_memory.go:61.65,63.3 1 1
link_app/pkg/item/repo_in_memory.go:68.75,70.16 2 1
link_app/pkg/item/repo_in_memory.go:77.2,80.16 3 1
link_app/pkg/item/repo_in_memory.go:84.2,86.23 2 1
link_app/pkg/item/repo_in_memory.go:70.16,72.3 1 1
link_app/pkg/item/repo_in_memory.go:80.16,82.3 1 1
