mode: set
link_app/pkg/item/item.go:12.40,15.27 3 1
link_app/pkg/item/item.go:19.2,19.26 1 1
link_app/pkg/item/item.go:15.27,17.3 1 1
link_app/pkg/item/repo.go:12.51,14.2 1 1
link_app/pkg/item/repo.go:17.74,23.16 3 1
link_app/pkg/item/repo.go:27.2,27.22 1 1
link_app/pkg/item/repo.go:23.16,25.3 1 1
link_app/pkg/item/repo.go:30.74,34.16 3 1
link_app/pkg/item/repo.go:38.2,38.23 1 1
link_app/pkg/item/repo.go:34.16,36.3 1 1
link_app/pkg/item/repo.go:41.69,43.64 2 1
link_app/pkg/item/repo.go:47.2,47.50 1 1
link_app/pkg/item/repo.go:43.64,45.3 1 1
link_app/pkg/item/repo.go:50.71,56.2 3 1
link_app/pkg/item/repo.go:58.66,60.16 2 1
link_app/pkg/item/repo.go:64.2,64.26 1 1
link_app/pkg/item/repo.go:68.2,71.16 3 1
link_app/pkg/item/repo.go:75.2,76.16 2 1
link_app/pkg/item/repo.go:80.2,80.23 1 1
link_app/pkg/item/repo.go:60.16,62.3 1 1
link_app/pkg/item/repo.go:64.26,66.3 1 1
link_app/pkg/item/repo.go:71.16,73.3 1 1
link_app/pkg/item/repo.go:76.16,78.3 1 1
link_app/pkg/item/repo_in_memory.go:19.58,26.2 2 1
link_app/pkg/item/repo_in_memory.go:28.83,32.9 4 1
link_app/pkg/item/repo_in_memory.go:36.2,36.22 1 1
link_app/pkg/item/repo_in_memory.go:32.9,34.3 1 1
link_app/pkg/item/repo_in_memory.go:39.83,44.44 4 1
link_app/pkg/item/repo_in_memory.go:50.2,50.26 1 1
link_app/pkg/item/repo_in_memory.go:44.44,45.31 1 1
link_app/pkg/item/repo_in_memory.go:45.31,47.4 1 1
link_app/pkg/item/repo_in_memory.go:53.78,57.2 3 1
link_app/pkg/item/repo_in_memory.go:59.78,61.65 2 1
link_app/pkg/item/repo_in_memory.go:65.2,65.50 1 1
link_app/pkg/item/repo_in_memory.go:61.65,63.3 1 1
link_app/pkg/item/repo_in_memory.go:68.75,70.16 2 1
link_app/pkg/item/repo_in_memory.go:77.2,80.16 3 1
link_app/pkg/item/repo_in_memory.go:84.2,86.23 2 1
link_app/pkg/item/repo_in_memory.go:70.16,72.3 1 1
link_app/pkg/item/repo_in_memory.go:80.16,82.3 1 1
